0
15363
-999999999
15363
999999999
15363
1
-999999999
15363
15363
31682
22787
0
-999999999
-999999999
22787
22787
12292
1
1224
1224
1224
15363
12292
1
31802
1224
13601
12292
10308
0
22993
22993
15965
21415
15965
1
21415
21415
27883
19396
1224
1
1224
1224
1224
19396
21415
1
1224
1224
15090
21415
15090
0
15965
12292
34
8786
13601
1
34
21415
12292
24777
27883
1
15965
27883
24777
20314
27883
1
15965
29382
22669
999999999
8786
1
15965
15965
1667
19396
8786
1
27883
27883
27883
27883
27883
1
1667
14089
1667
19396
7311
0
8034
5581
7311
4991
15827
1
13601
8034
11008
10308
11637
0
19629
14089
14089
27883
15827
1
12689
14089
23870
29382
24777
1
22853
22853
24777
14089
14089
1
11637
8786
16260
20314
14089
1
3582
8786
15090
8786
24777
0
16260
20314
29382
22669
15090
0
27999
16260
15747
15090
13123
1
29382
1066
19396
7311
1151
1
7311
27999
21415
3356
29382
1
16260
28713
5581
31802
24777
1
1667
7311
7311
27883
31222
1
16624
16624
24777
23854
4743
0
8242
16624
3582
15090
14426
1
34
22853
31846
14426
31713
0
24777
14815
1667
23387
10460
1
11008
13123
1151
5290
28713
0
20314
20851
19396
10460
18631
1
19396
14815
24777
27095
4991
1
8242
13123
34
26419
682
1
16624
16624
18631
18631
32066
1
31713
4991
5581
24777
18631
0
23870
21415
3446
3932
26419
1
24777
23870
4743
26833
20554
1
23870
31713
31222
15747
14234
1
29793
21415
9166
22280
10460
1
12424
26833
5290
6578
11008
1
24777
11008
9166
24777
682
1
23870
29391
12424
26320
2455
1
20314
2455
8242
11008
7311
0
24777
23387
9166
10460
10460
0
19813
1151
16624
31222
12323
0
20851
28713
10460
18631
22853
0
20314
23387
7311
16352
9031
1
17094
7459
1151
682
17094
1
32066
24777
26696
7642
11008
1
4334
17094
5581
29382
2455
0
682
27235
3744
19813
7311
0
13123
3744
31222
9633
5581
1
15090
114
4991
682
9633
1
30336
11710
20554
6578
29793
1
19987
18033
4991
9114
29793
1
12689
3744
32152
18631
25665
1
9633
6687
26226
28202
14234
0
9633
17812
11008
9633
11377
1
14234
5581
6687
21214
10280
0
6687
21415
15090
14686
7459
1
11480
24808
18631
11008
4991
0
29391
23870
29391
31222
32147
1
15090
28202
7737
11480
8722
1
24146
15965
22294
114
4305
1
18033
17812
21058
11008
6301
1
18921
11710
19737
8882
6832
1
12424
19240
23387
26226
21214
0
28209
24808
30336
10280
26226
1
24501
13343
18033
10280
15747
0
9031
29598
24146
21662
14426
0
29598
13343
8242
18033
2065
1
32152
23870
4334
20314
24146
1
3582
19639
2065
1666
31127
1
31365
26850
9166
20314
7311
1
3582
2315
12424
12420
17094
1
10283
10283
29942
32468
23739
1
5581
22669
2464
12689
31802
1
17293
24808
18033
27833
11377
0
32563
16504
26226
31078
12420
0
7737
8034
1151
24777
8722
0
22520
26226
114
9938
9114
1
26226
21415
18312
23259
23387
1
19240
1151
29598
17812
31078
0
31802
26226
13343
16416
5269
0
6859
24808
114
31078
16504
0
8242
1666
29391
24146
9031
0
3069
7847
32152
26696
31078
1
19846
18033
9166
10280
10545
0
23259
2464
5581
30032
11377
1
27521
24146
26226
9938
15090
1
7130
9938
29942
6119
20052
1
1151
17293
30336
16568
23387
1
6119
4334
12689
16105
24146
1
19639
24808
31365
27833
21812
1
8882
6687
22548
18312
1151
1
19240
3830
18373
29382
